<?xml version="1.0" encoding="UTF-8"?>
<!-- Generated by org.testng.reporters.JUnitReportReporter -->
<testsuite skipped="0" hostname="DESKTOP-QLG16RH" name="com.qa.test.GetApiTest" tests="1" failures="0" timestamp="27 Dec 2018 11:45:26 GMT" time="743.283" errors="0">
  <testcase name="getTest" time="743.283" classname="com.qa.test.GetApiTest"/>
</testsuite> <!-- com.qa.test.GetApiTest -->
